<?xml version="1.0" encoding="UTF-8"?>
<!-- Generated by org.testng.reporters.JUnitXMLReporter -->
<testsuite ignored="0" hostname="DESKTOP-OFL8S08" failures="0" tests="3" name="Default test" time="1.093" errors="0" timestamp="2023-07-16T17:52:35 PKT">
  <testcase classname="excelDataProvider.dataProvider" name="testCases" time="0.012"/>
  <testcase classname="excelDataProvider.dataProvider" name="testCases" time="0.004"/>
  <testcase classname="excelDataProvider.dataProvider" name="testCases" time="0.003"/>
</testsuite> <!-- Default test -->
