<?xml version="1.0" encoding="UTF-8"?>
<testng-results ignored="0" total="3" passed="3" failed="0" skipped="0">
  <reporter-output>
  </reporter-output>
  <suite started-at="2023-07-16T17:52:34 PKT" name="Default suite" finished-at="2023-07-16T17:52:35 PKT" duration-ms="1093">
    <groups>
    </groups>
    <test started-at="2023-07-16T17:52:34 PKT" name="Default test" finished-at="2023-07-16T17:52:35 PKT" duration-ms="1093">
      <class name="excelDataProvider.dataProvider">
        <test-method signature="testCases(java.lang.String,java.lang.String,java.lang.String)[pri:0, instance:excelDataProvider.dataProvider@31ea9581]" started-at="2023-07-16T17:52:35 PKT" name="testCases" data-provider="driveTest" finished-at="2023-07-16T17:52:35 PKT" duration-ms="12" status="PASS">
          <params>
            <param index="0">
              <value>
                <![CDATA[hello]]>
              </value>
            </param>
            <param index="1">
              <value>
                <![CDATA[text]]>
              </value>
            </param>
            <param index="2">
              <value>
                <![CDATA[1]]>
              </value>
            </param>
          </params>
          <reporter-output>
          </reporter-output>
        </test-method> <!-- testCases -->
        <test-method signature="testCases(java.lang.String,java.lang.String,java.lang.String)[pri:0, instance:excelDataProvider.dataProvider@31ea9581]" started-at="2023-07-16T17:52:35 PKT" name="testCases" data-provider="driveTest" finished-at="2023-07-16T17:52:35 PKT" duration-ms="4" status="PASS">
          <params>
            <param index="0">
              <value>
                <![CDATA[bye]]>
              </value>
            </param>
            <param index="1">
              <value>
                <![CDATA[message]]>
              </value>
            </param>
            <param index="2">
              <value>
                <![CDATA[143]]>
              </value>
            </param>
          </params>
          <reporter-output>
          </reporter-output>
        </test-method> <!-- testCases -->
        <test-method signature="testCases(java.lang.String,java.lang.String,java.lang.String)[pri:0, instance:excelDataProvider.dataProvider@31ea9581]" started-at="2023-07-16T17:52:35 PKT" name="testCases" data-provider="driveTest" finished-at="2023-07-16T17:52:35 PKT" duration-ms="3" status="PASS">
          <params>
            <param index="0">
              <value>
                <![CDATA[solo]]>
              </value>
            </param>
            <param index="1">
              <value>
                <![CDATA[call]]>
              </value>
            </param>
            <param index="2">
              <value>
                <![CDATA[453]]>
              </value>
            </param>
          </params>
          <reporter-output>
          </reporter-output>
        </test-method> <!-- testCases -->
      </class> <!-- excelDataProvider.dataProvider -->
    </test> <!-- Default test -->
  </suite> <!-- Default suite -->
</testng-results>
